f:\cocos\card\card_2dx\proj.win32\debug.win32\cardutil.obj
f:\cocos\card\card_2dx\proj.win32\debug.win32\main.obj
f:\cocos\card\card_2dx\proj.win32\debug.win32\cardlayer.obj
f:\cocos\card\card_2dx\proj.win32\debug.win32\leveldataparser.obj
f:\cocos\card\card_2dx\proj.win32\debug.win32\sceneresourcemanager.obj
f:\cocos\card\card_2dx\proj.win32\debug.win32\backgroundlayer.obj
f:\cocos\card\card_2dx\proj.win32\debug.win32\cardview.obj
f:\cocos\card\card_2dx\proj.win32\debug.win32\cardtouchcontroller.obj
f:\cocos\card\card_2dx\proj.win32\debug.win32\helloworldscene.obj
f:\cocos\card\card_2dx\proj.win32\debug.win32\appdelegate.obj
f:\cocos\card\card_2dx\proj.win32\debug.win32\vc143.pdb
f:\cocos\card\card_2dx\proj.win32\debug.win32\vc143.idb
f:\cocos\card\card_2dx\proj.win32\card_2dx.cab
f:\cocos\card\card_2dx\proj.win32\debug.win32\card_2dx.exe
f:\cocos\card\card_2dx\proj.win32\debug.win32\card_2dx.pdb
f:\cocos\card\card_2dx\proj.win32\debug.win32\game.res
f:\cocos\card\card_2dx\proj.win32\debug.win32\card_2dx.lib
f:\cocos\card\card_2dx\proj.win32\debug.win32\card_2dx.exp
f:\cocos\card\card_2dx\proj.win32\debug.win32\card_2dx.ilk
f:\cocos\card\card_2dx\proj.win32\debug.win32\libcocos2d.exp
f:\cocos\card\card_2dx\proj.win32\debug.win32\libspine.idb
f:\cocos\card\card_2dx\proj.win32\debug.win32\libcocos2d.pdb
f:\cocos\card\card_2dx\proj.win32\debug.win32\librecast.pdb
f:\cocos\card\card_2dx\proj.win32\debug.win32\libspine.pdb
f:\cocos\card\card_2dx\proj.win32\debug.win32\card_2dx.tlog\cl.command.1.tlog
f:\cocos\card\card_2dx\proj.win32\debug.win32\card_2dx.tlog\cl.items.tlog
f:\cocos\card\card_2dx\proj.win32\debug.win32\card_2dx.tlog\cl.read.1.tlog
f:\cocos\card\card_2dx\proj.win32\debug.win32\card_2dx.tlog\cl.write.1.tlog
f:\cocos\card\card_2dx\proj.win32\debug.win32\card_2dx.tlog\custombuildstep.read.1u.tlog
f:\cocos\card\card_2dx\proj.win32\debug.win32\card_2dx.tlog\custombuildstep.write.1u.tlog
f:\cocos\card\card_2dx\proj.win32\debug.win32\card_2dx.tlog\link.command.1.tlog
f:\cocos\card\card_2dx\proj.win32\debug.win32\card_2dx.tlog\link.read.1.tlog
f:\cocos\card\card_2dx\proj.win32\debug.win32\card_2dx.tlog\link.secondary.1.tlog
f:\cocos\card\card_2dx\proj.win32\debug.win32\card_2dx.tlog\link.write.1.tlog
f:\cocos\card\card_2dx\proj.win32\debug.win32\card_2dx.tlog\rc.command.1.tlog
f:\cocos\card\card_2dx\proj.win32\debug.win32\card_2dx.tlog\rc.read.1.tlog
f:\cocos\card\card_2dx\proj.win32\debug.win32\card_2dx.tlog\rc.write.1.tlog
