f:\cocos\card\card_2dx\cocos2d\cocos\editor-support\spine\proj.win32\debug.win32\extension.obj
f:\cocos\card\card_2dx\cocos2d\cocos\editor-support\spine\proj.win32\debug.win32\regionattachment.obj
f:\cocos\card\card_2dx\cocos2d\cocos\editor-support\spine\proj.win32\debug.win32\transformconstraint.obj
f:\cocos\card\card_2dx\cocos2d\cocos\editor-support\spine\proj.win32\debug.win32\animation.obj
f:\cocos\card\card_2dx\cocos2d\cocos\editor-support\spine\proj.win32\debug.win32\animationstatedata.obj
f:\cocos\card\card_2dx\cocos2d\cocos\editor-support\spine\proj.win32\debug.win32\atlasattachmentloader.obj
f:\cocos\card\card_2dx\cocos2d\cocos\editor-support\spine\proj.win32\debug.win32\bonedata.obj
f:\cocos\card\card_2dx\cocos2d\cocos\editor-support\spine\proj.win32\debug.win32\color.obj
f:\cocos\card\card_2dx\cocos2d\cocos\editor-support\spine\proj.win32\debug.win32\meshattachment.obj
f:\cocos\card\card_2dx\cocos2d\cocos\editor-support\spine\proj.win32\debug.win32\skeletonbinary.obj
f:\cocos\card\card_2dx\cocos2d\cocos\editor-support\spine\proj.win32\debug.win32\json.obj
f:\cocos\card\card_2dx\cocos2d\cocos\editor-support\spine\proj.win32\debug.win32\slotdata.obj
f:\cocos\card\card_2dx\cocos2d\cocos\editor-support\spine\proj.win32\debug.win32\skeletonbounds.obj
f:\cocos\card\card_2dx\cocos2d\cocos\editor-support\spine\proj.win32\debug.win32\triangulator.obj
f:\cocos\card\card_2dx\cocos2d\cocos\editor-support\spine\proj.win32\debug.win32\slot.obj
f:\cocos\card\card_2dx\cocos2d\cocos\editor-support\spine\proj.win32\debug.win32\clippingattachment.obj
f:\cocos\card\card_2dx\cocos2d\cocos\editor-support\spine\proj.win32\debug.win32\ikconstraintdata.obj
f:\cocos\card\card_2dx\cocos2d\cocos\editor-support\spine\proj.win32\debug.win32\skeleton.obj
f:\cocos\card\card_2dx\cocos2d\cocos\editor-support\spine\proj.win32\debug.win32\transformconstraintdata.obj
f:\cocos\card\card_2dx\cocos2d\cocos\editor-support\spine\proj.win32\debug.win32\pointattachment.obj
f:\cocos\card\card_2dx\cocos2d\cocos\editor-support\spine\proj.win32\debug.win32\skin.obj
f:\cocos\card\card_2dx\cocos2d\cocos\editor-support\spine\proj.win32\debug.win32\animationstate.obj
f:\cocos\card\card_2dx\cocos2d\cocos\editor-support\spine\proj.win32\debug.win32\array.obj
f:\cocos\card\card_2dx\cocos2d\cocos\editor-support\spine\proj.win32\debug.win32\attachment.obj
f:\cocos\card\card_2dx\cocos2d\cocos\editor-support\spine\proj.win32\debug.win32\boundingboxattachment.obj
f:\cocos\card\card_2dx\cocos2d\cocos\editor-support\spine\proj.win32\debug.win32\event.obj
f:\cocos\card\card_2dx\cocos2d\cocos\editor-support\spine\proj.win32\debug.win32\pathattachment.obj
f:\cocos\card\card_2dx\cocos2d\cocos\editor-support\spine\proj.win32\debug.win32\skeletonclipping.obj
f:\cocos\card\card_2dx\cocos2d\cocos\editor-support\spine\proj.win32\debug.win32\vertexattachment.obj
f:\cocos\card\card_2dx\cocos2d\cocos\editor-support\spine\proj.win32\debug.win32\attachmentloader.obj
f:\cocos\card\card_2dx\cocos2d\cocos\editor-support\spine\proj.win32\debug.win32\eventdata.obj
f:\cocos\card\card_2dx\cocos2d\cocos\editor-support\spine\proj.win32\debug.win32\pathconstraint.obj
f:\cocos\card\card_2dx\cocos2d\cocos\editor-support\spine\proj.win32\debug.win32\skeletondata.obj
f:\cocos\card\card_2dx\cocos2d\cocos\editor-support\spine\proj.win32\debug.win32\vertexeffect.obj
f:\cocos\card\card_2dx\cocos2d\cocos\editor-support\spine\proj.win32\debug.win32\atlas.obj
f:\cocos\card\card_2dx\cocos2d\cocos\editor-support\spine\proj.win32\debug.win32\bone.obj
f:\cocos\card\card_2dx\cocos2d\cocos\editor-support\spine\proj.win32\debug.win32\ikconstraint.obj
f:\cocos\card\card_2dx\cocos2d\cocos\editor-support\spine\proj.win32\debug.win32\pathconstraintdata.obj
f:\cocos\card\card_2dx\cocos2d\cocos\editor-support\spine\proj.win32\debug.win32\skeletonjson.obj
f:\cocos\card\card_2dx\proj.win32\debug.win32\libspine.pdb
f:\cocos\card\card_2dx\cocos2d\cocos\editor-support\spine\proj.win32\debug.win32\skeletonrenderer.obj
f:\cocos\card\card_2dx\cocos2d\cocos\editor-support\spine\proj.win32\debug.win32\skeletonanimation.obj
f:\cocos\card\card_2dx\cocos2d\cocos\editor-support\spine\proj.win32\debug.win32\cocos2dattachmentloader.obj
f:\cocos\card\card_2dx\cocos2d\cocos\editor-support\spine\proj.win32\debug.win32\spine-cocos2dx.obj
f:\cocos\card\card_2dx\cocos2d\cocos\editor-support\spine\proj.win32\debug.win32\skeletonbatch.obj
f:\cocos\card\card_2dx\cocos2d\cocos\editor-support\spine\proj.win32\debug.win32\skeletontwocolorbatch.obj
f:\cocos\card\card_2dx\cocos2d\cocos\editor-support\spine\proj.win32\debug.win32\attachmentvertices.obj
f:\cocos\card\card_2dx\proj.win32\debug.win32\libspine.lib
f:\cocos\card\card_2dx\cocos2d\cocos\editor-support\spine\proj.win32\debug.win32\libspine.tlog\cl.11056.write.1.tlog
f:\cocos\card\card_2dx\cocos2d\cocos\editor-support\spine\proj.win32\debug.win32\libspine.tlog\cl.command.1.tlog
f:\cocos\card\card_2dx\cocos2d\cocos\editor-support\spine\proj.win32\debug.win32\libspine.tlog\cl.items.tlog
f:\cocos\card\card_2dx\cocos2d\cocos\editor-support\spine\proj.win32\debug.win32\libspine.tlog\cl.read.1.tlog
f:\cocos\card\card_2dx\cocos2d\cocos\editor-support\spine\proj.win32\debug.win32\libspine.tlog\lib-link.read.1.tlog
f:\cocos\card\card_2dx\cocos2d\cocos\editor-support\spine\proj.win32\debug.win32\libspine.tlog\lib-link.write.1.tlog
f:\cocos\card\card_2dx\cocos2d\cocos\editor-support\spine\proj.win32\debug.win32\libspine.tlog\lib.command.1.tlog
