f:\cocos\card\card_2dx\cocos2d\cocos\2d\debug.win32\libcocos2d.pch
f:\cocos\card\card_2dx\cocos2d\cocos\2d\debug.win32\precheader.obj
f:\cocos\card\card_2dx\cocos2d\cocos\2d\debug.win32\cccontrol.obj
f:\cocos\card\card_2dx\cocos2d\cocos\2d\debug.win32\ccparticlesystem3d.obj
f:\cocos\card\card_2dx\cocos2d\cocos\2d\debug.win32\ccpucollisionavoidanceaffectortranslator.obj
f:\cocos\card\card_2dx\cocos2d\cocos\2d\debug.win32\ccpuemittertranslator.obj
f:\cocos\card\card_2dx\cocos2d\cocos\2d\debug.win32\ccpuobserver.obj
f:\cocos\card\card_2dx\cocos2d\cocos\2d\debug.win32\ccpuonvelocityobservertranslator.obj
f:\cocos\card\card_2dx\cocos2d\cocos\2d\debug.win32\ccpuribbontrailrender.obj
f:\cocos\card\card_2dx\cocos2d\cocos\2d\debug.win32\ccpuutil.obj
f:\cocos\card\card_2dx\cocos2d\cocos\2d\debug.win32\ccpuvortexaffectortranslator.obj
f:\cocos\card\card_2dx\cocos2d\cocos\2d\debug.win32\ccmotionstreak3d.obj
f:\cocos\card\card_2dx\cocos2d\cocos\2d\debug.win32\audiocache.obj
f:\cocos\card\card_2dx\cocos2d\cocos\2d\debug.win32\cceventcustom.obj
f:\cocos\card\card_2dx\cocos2d\cocos\2d\debug.win32\cceventlistenerfocus.obj
f:\cocos\card\card_2dx\cocos2d\cocos\2d\debug.win32\ccimedispatcher.obj
f:\cocos\card\card_2dx\cocos2d\cocos\2d\debug.win32\ccutf8.obj
f:\cocos\card\card_2dx\cocos2d\cocos\2d\debug.win32\cclayergradientloader.obj
f:\cocos\card\card_2dx\cocos2d\cocos\2d\debug.win32\ccactionframeeasing.obj
f:\cocos\card\card_2dx\cocos2d\cocos\2d\debug.win32\cccomaudio.obj
f:\cocos\card\card_2dx\cocos2d\cocos\2d\debug.win32\ccinputdelegate.obj
f:\cocos\card\card_2dx\cocos2d\cocos\2d\debug.win32\cctween.obj
f:\cocos\card\card_2dx\cocos2d\cocos\2d\debug.win32\listviewreader.obj
f:\cocos\card\card_2dx\cocos2d\cocos\2d\debug.win32\textbmfontreader.obj
f:\cocos\card\card_2dx\cocos2d\cocos\2d\debug.win32\ccphysics3dconstraint.obj
f:\cocos\card\card_2dx\cocos2d\cocos\2d\debug.win32\ccprimitive.obj
f:\cocos\card\card_2dx\cocos2d\cocos\2d\debug.win32\cctechnique.obj
f:\cocos\card\card_2dx\cocos2d\cocos\2d\debug.win32\uiabstractcheckbutton.obj
f:\cocos\card\card_2dx\cocos2d\cocos\2d\debug.win32\uipageview.obj
f:\cocos\card\card_2dx\cocos2d\cocos\2d\debug.win32\ccactiongrid3d.obj
f:\cocos\card\card_2dx\cocos2d\cocos\2d\debug.win32\ccautopolygon.obj
f:\cocos\card\card_2dx\cocos2d\cocos\2d\debug.win32\cctextfieldttf.obj
f:\cocos\card\card_2dx\cocos2d\cocos\2d\debug.win32\cctransition.obj
f:\cocos\card\card_2dx\cocos2d\cocos\2d\debug.win32\assetsmanagerex.obj
f:\cocos\card\card_2dx\cocos2d\cocos\2d\debug.win32\ccpubehaviourmanager.obj
f:\cocos\card\card_2dx\cocos2d\cocos\2d\debug.win32\ccpudynamicattribute.obj
f:\cocos\card\card_2dx\cocos2d\cocos\2d\debug.win32\ccpueventhandlertranslator.obj
f:\cocos\card\card_2dx\cocos2d\cocos\2d\debug.win32\ccpuobservertranslator.obj
f:\cocos\card\card_2dx\cocos2d\cocos\2d\debug.win32\ccpuonrandomobservertranslator.obj
f:\cocos\card\card_2dx\cocos2d\cocos\2d\debug.win32\ccpuscriptlexer.obj
f:\cocos\card\card_2dx\cocos2d\cocos\2d\debug.win32\ccpuslavebehaviour.obj
f:\cocos\card\card_2dx\cocos2d\cocos\2d\debug.win32\ccputranslatemanager.obj
f:\cocos\card\card_2dx\cocos2d\cocos\2d\debug.win32\audioengine.obj
f:\cocos\card\card_2dx\cocos2d\cocos\2d\debug.win32\ccarray.obj
f:\cocos\card\card_2dx\cocos2d\cocos\2d\debug.win32\ccbsequenceproperty.obj
f:\cocos\card\card_2dx\cocos2d\cocos\2d\debug.win32\ccparticlesystemquadloader.obj
f:\cocos\card\card_2dx\cocos2d\cocos\2d\debug.win32\ccactionmanagerex.obj
f:\cocos\card\card_2dx\cocos2d\cocos\2d\debug.win32\ccdisplayfactory.obj
f:\cocos\card\card_2dx\cocos2d\cocos\2d\debug.win32\comaudioreader.obj
f:\cocos\card\card_2dx\cocos2d\cocos\2d\debug.win32\nodereaderprotocol.obj
f:\cocos\card\card_2dx\cocos2d\cocos\2d\debug.win32\pageviewreader.obj
f:\cocos\card\card_2dx\cocos2d\cocos\2d\debug.win32\textreader.obj
f:\cocos\card\card_2dx\cocos2d\cocos\2d\debug.win32\ccphysicscontact.obj
f:\cocos\card\card_2dx\cocos2d\cocos\2d\debug.win32\ccphysicsshape.obj
f:\cocos\card\card_2dx\cocos2d\cocos\2d\debug.win32\ccsaxparser.obj
f:\cocos\card\card_2dx\cocos2d\cocos\2d\debug.win32\ccglprogramstate.obj
f:\cocos\card\card_2dx\cocos2d\cocos\2d\debug.win32\uilayout.obj
f:\cocos\card\card_2dx\cocos2d\cocos\2d\debug.win32\cccamerabackgroundbrush.obj
f:\cocos\card\card_2dx\cocos2d\cocos\2d\debug.win32\ccfontatlascache.obj
f:\cocos\card\card_2dx\cocos2d\cocos\2d\debug.win32\ccparticlesystem.obj
f:\cocos\card\card_2dx\cocos2d\cocos\2d\debug.win32\cctweenfunction.obj
f:\cocos\card\card_2dx\cocos2d\cocos\2d\debug.win32\ccpubasecollider.obj
f:\cocos\card\card_2dx\cocos2d\cocos\2d\debug.win32\ccpucircleemittertranslator.obj
f:\cocos\card\card_2dx\cocos2d\cocos\2d\debug.win32\ccpuemittermanager.obj
f:\cocos\card\card_2dx\cocos2d\cocos\2d\debug.win32\ccpumaterialtranslator.obj
f:\cocos\card\card_2dx\cocos2d\cocos\2d\debug.win32\ccpuonpositionobservertranslator.obj
f:\cocos\card\card_2dx\cocos2d\cocos\2d\debug.win32\ccpurender.obj
f:\cocos\card\card_2dx\cocos2d\cocos\2d\debug.win32\ccpuspheresurfaceemittertranslator.obj
f:\cocos\card\card_2dx\cocos2d\cocos\2d\debug.win32\idl_gen_go.obj
f:\cocos\card\card_2dx\cocos2d\cocos\2d\debug.win32\ccdatavisitor.obj
f:\cocos\card\card_2dx\cocos2d\cocos\2d\debug.win32\cceventkeyboard.obj
f:\cocos\card\card_2dx\cocos2d\cocos\2d\debug.win32\cceventmouse.obj
f:\cocos\card\card_2dx\cocos2d\cocos\2d\debug.win32\ccprofiling.obj
f:\cocos\card\card_2dx\cocos2d\cocos\2d\debug.win32\s3tc.obj
f:\cocos\card\card_2dx\cocos2d\cocos\2d\debug.win32\ccdictionary.obj
f:\cocos\card\card_2dx\cocos2d\cocos\2d\debug.win32\ccmenuitemloader.obj
f:\cocos\card\card_2dx\cocos2d\cocos\2d\debug.win32\ccactionobject.obj
f:\cocos\card\card_2dx\cocos2d\cocos\2d\debug.win32\ccdatas.obj
f:\cocos\card\card_2dx\cocos2d\cocos\2d\debug.win32\cocostudio.obj
f:\cocos\card\card_2dx\cocos2d\cocos\2d\debug.win32\transformutils.obj
f:\cocos\card\card_2dx\cocos2d\cocos\2d\debug.win32\ccnavmeshagent.obj
f:\cocos\card\card_2dx\cocos2d\cocos\2d\debug.win32\ccphysics3dshape.obj
f:\cocos\card\card_2dx\cocos2d\cocos\2d\debug.win32\cctexturecache.obj
f:\cocos\card\card_2dx\cocos2d\cocos\2d\debug.win32\uiloadingbar.obj
f:\cocos\card\card_2dx\cocos2d\cocos\2d\debug.win32\ccvrdistortion.obj
f:\cocos\card\card_2dx\cocos2d\cocos\2d\debug.win32\ccvrgenericrenderer.obj
f:\cocos\card\card_2dx\cocos2d\cocos\2d\debug.win32\ccactioninterval.obj
f:\cocos\card\card_2dx\cocos2d\cocos\2d\debug.win32\cclabelatlas.obj
f:\cocos\card\card_2dx\cocos2d\cocos\2d\debug.win32\ccparallaxnode.obj
f:\cocos\card\card_2dx\cocos2d\cocos\2d\debug.win32\ccparticlesystemquad.obj
f:\cocos\card\card_2dx\cocos2d\cocos\2d\debug.win32\ccspriteframecache.obj
f:\cocos\card\card_2dx\cocos2d\cocos\2d\debug.win32\ccinvocation.obj
f:\cocos\card\card_2dx\cocos2d\cocos\2d\debug.win32\ccpuaffectormanager.obj
f:\cocos\card\card_2dx\cocos2d\cocos\2d\debug.win32\ccpudoaffectoreventhandler.obj
f:\cocos\card\card_2dx\cocos2d\cocos\2d\debug.win32\ccpuemitter.obj
f:\cocos\card\card_2dx\cocos2d\cocos\2d\debug.win32\ccpuinterparticlecollidertranslator.obj
f:\cocos\card\card_2dx\cocos2d\cocos\2d\debug.win32\ccpuonpositionobserver.obj
f:\cocos\card\card_2dx\cocos2d\cocos\2d\debug.win32\ccpuparticlesystem3dtranslator.obj
f:\cocos\card\card_2dx\cocos2d\cocos\2d\debug.win32\ccpuslavebehaviourtranslator.obj
f:\cocos\card\card_2dx\cocos2d\cocos\2d\debug.win32\convertutfwrapper.obj
f:\cocos\card\card_2dx\cocos2d\cocos\2d\debug.win32\advancing_front.obj
f:\cocos\card\card_2dx\cocos2d\cocos\2d\debug.win32\xxhash.obj
f:\cocos\card\card_2dx\cocos2d\cocos\2d\debug.win32\ccanimation3d.obj
f:\cocos\card\card_2dx\cocos2d\cocos\2d\debug.win32\audiodecoderogg.obj
f:\cocos\card\card_2dx\cocos2d\cocos\2d\debug.win32\ccallocatorglobalnewdelete.obj
f:\cocos\card\card_2dx\cocos2d\cocos\2d\debug.win32\ccdirector.obj
f:\cocos\card\card_2dx\cocos2d\cocos\2d\debug.win32\tgalib.obj
f:\cocos\card\card_2dx\cocos2d\cocos\2d\debug.win32\ccbanimationmanager.obj
f:\cocos\card\card_2dx\cocos2d\cocos\2d\debug.win32\ccprocessbase.obj
f:\cocos\card\card_2dx\cocos2d\cocos\2d\debug.win32\flatbuffersserialize.obj
f:\cocos\card\card_2dx\cocos2d\cocos\2d\debug.win32\cccustomcommand.obj
f:\cocos\card\card_2dx\cocos2d\cocos\2d\debug.win32\ccmaterial.obj
f:\cocos\card\card_2dx\cocos2d\cocos\2d\debug.win32\cctrianglescommand.obj
f:\cocos\card\card_2dx\cocos2d\cocos\2d\debug.win32\uiradiobutton.obj
f:\cocos\card\card_2dx\cocos2d\cocos\2d\debug.win32\uislider.obj
f:\cocos\card\card_2dx\cocos2d\cocos\2d\debug.win32\ccactionmanager.obj
f:\cocos\card\card_2dx\cocos2d\cocos\2d\debug.win32\ccfasttmxlayer.obj
f:\cocos\card\card_2dx\cocos2d\cocos\2d\debug.win32\cctilemapatlas.obj
f:\cocos\card\card_2dx\cocos2d\cocos\2d\debug.win32\cccontrolbutton.obj
f:\cocos\card\card_2dx\cocos2d\cocos\2d\debug.win32\ccpubaseforceaffector.obj
f:\cocos\card\card_2dx\cocos2d\cocos\2d\debug.win32\ccpucoloraffectortranslator.obj
f:\cocos\card\card_2dx\cocos2d\cocos\2d\debug.win32\ccpugravityaffectortranslator.obj
f:\cocos\card\card_2dx\cocos2d\cocos\2d\debug.win32\ccpuoncollisionobservertranslator.obj
f:\cocos\card\card_2dx\cocos2d\cocos\2d\debug.win32\ccpuparticlesystem3d.obj
f:\cocos\card\card_2dx\cocos2d\cocos\2d\debug.win32\ioapi.obj
f:\cocos\card\card_2dx\cocos2d\cocos\2d\debug.win32\ccbillboard.obj
f:\cocos\card\card_2dx\cocos2d\cocos\2d\debug.win32\ccobjloader.obj
f:\cocos\card\card_2dx\cocos2d\cocos\2d\debug.win32\ccns.obj
f:\cocos\card\card_2dx\cocos2d\cocos\2d\debug.win32\ccutils.obj
f:\cocos\card\card_2dx\cocos2d\cocos\2d\debug.win32\ccnodeloader.obj
f:\cocos\card\card_2dx\cocos2d\cocos\2d\debug.win32\ccarmatureanimation.obj
f:\cocos\card\card_2dx\cocos2d\cocos\2d\debug.win32\triggerbase.obj
f:\cocos\card\card_2dx\cocos2d\cocos\2d\debug.win32\mathutil.obj
f:\cocos\card\card_2dx\cocos2d\cocos\2d\debug.win32\ccnavmesh.obj
f:\cocos\card\card_2dx\cocos2d\cocos\2d\debug.win32\ccphysicsjoint.obj
f:\cocos\card\card_2dx\cocos2d\cocos\2d\debug.win32\ccfileutils.obj
f:\cocos\card\card_2dx\cocos2d\cocos\2d\debug.win32\cccontrolslider.obj
f:\cocos\card\card_2dx\cocos2d\cocos\2d\debug.win32\ccparticle3demitter.obj
f:\cocos\card\card_2dx\cocos2d\cocos\2d\debug.win32\ccpualignaffector.obj
f:\cocos\card\card_2dx\cocos2d\cocos\2d\debug.win32\ccpuboxemittertranslator.obj
f:\cocos\card\card_2dx\cocos2d\cocos\2d\debug.win32\ccpueventhandlermanager.obj
f:\cocos\card\card_2dx\cocos2d\cocos\2d\debug.win32\ccpumeshsurfaceemittertranslator.obj
f:\cocos\card\card_2dx\cocos2d\cocos\2d\debug.win32\ccpuontimeobservertranslator.obj
f:\cocos\card\card_2dx\cocos2d\cocos\2d\debug.win32\ccpuscaleaffector.obj
f:\cocos\card\card_2dx\cocos2d\cocos\2d\debug.win32\ccpuspheresurfaceemitter.obj
f:\cocos\card\card_2dx\cocos2d\cocos\2d\debug.win32\ccphysicsdebugnode.obj
f:\cocos\card\card_2dx\cocos2d\cocos\2d\debug.win32\edtaa3func.obj
f:\cocos\card\card_2dx\cocos2d\cocos\2d\debug.win32\idl_parser.obj
f:\cocos\card\card_2dx\cocos2d\cocos\2d\debug.win32\cccontrolloader.obj
f:\cocos\card\card_2dx\cocos2d\cocos\2d\debug.win32\csloader.obj
f:\cocos\card\card_2dx\cocos2d\cocos\2d\debug.win32\vec3.obj
f:\cocos\card\card_2dx\cocos2d\cocos\2d\debug.win32\ccnavmeshutils.obj
f:\cocos\card\card_2dx\cocos2d\cocos\2d\debug.win32\ccphysics3dcomponent.obj
f:\cocos\card\card_2dx\cocos2d\cocos\2d\debug.win32\ccframebuffer.obj
f:\cocos\card\card_2dx\cocos2d\cocos\2d\debug.win32\cctextureatlas.obj
f:\cocos\card\card_2dx\cocos2d\cocos\2d\debug.win32\uieditboximpl-common.obj
f:\cocos\card\card_2dx\cocos2d\cocos\2d\debug.win32\uirichtext.obj
f:\cocos\card\card_2dx\cocos2d\cocos\2d\debug.win32\cceventlistenerassetsmanagerex.obj
f:\cocos\card\card_2dx\cocos2d\cocos\2d\debug.win32\ccpualignaffectortranslator.obj
f:\cocos\card\card_2dx\cocos2d\cocos\2d\debug.win32\ccpudoaffectoreventhandlertranslator.obj
f:\cocos\card\card_2dx\cocos2d\cocos\2d\debug.win32\ccpuflockcenteringaffector.obj
f:\cocos\card\card_2dx\cocos2d\cocos\2d\debug.win32\ccpulineemitter.obj
f:\cocos\card\card_2dx\cocos2d\cocos\2d\debug.win32\ccpuonemissionobserver.obj
f:\cocos\card\card_2dx\cocos2d\cocos\2d\debug.win32\ccpuontimeobserver.obj
f:\cocos\card\card_2dx\cocos2d\cocos\2d\debug.win32\ccpupositionemittertranslator.obj
f:\cocos\card\card_2dx\cocos2d\cocos\2d\debug.win32\ccpuspherecollidertranslator.obj
f:\cocos\card\card_2dx\cocos2d\cocos\2d\debug.win32\idl_gen_text.obj
f:\cocos\card\card_2dx\cocos2d\cocos\2d\debug.win32\ccallocatorglobal.obj
f:\cocos\card\card_2dx\cocos2d\cocos\2d\debug.win32\ccautoreleasepool.obj
f:\cocos\card\card_2dx\cocos2d\cocos\2d\debug.win32\cceventdispatcher.obj
f:\cocos\card\card_2dx\cocos2d\cocos\2d\debug.win32\ccspriteloader.obj
f:\cocos\card\card_2dx\cocos2d\cocos\2d\debug.win32\cccomrender.obj
f:\cocos\card\card_2dx\cocos2d\cocos\2d\debug.win32\usercamerareader.obj
f:\cocos\card\card_2dx\cocos2d\cocos\2d\debug.win32\socketio.obj
f:\cocos\card\card_2dx\cocos2d\cocos\2d\debug.win32\ccdevice-win32.obj
f:\cocos\card\card_2dx\cocos2d\cocos\2d\debug.win32\ccglprogramcache.obj
f:\cocos\card\card_2dx\cocos2d\cocos\2d\debug.win32\uicheckbox.obj
f:\cocos\card\card_2dx\cocos2d\cocos\2d\debug.win32\uipageviewindicator.obj
f:\cocos\card\card_2dx\cocos2d\cocos\2d\debug.win32\ccactioncamera.obj
f:\cocos\card\card_2dx\cocos2d\cocos\2d\debug.win32\ccactionpageturn3d.obj
f:\cocos\card\card_2dx\cocos2d\cocos\2d\debug.win32\cccamera.obj
f:\cocos\card\card_2dx\cocos2d\cocos\2d\debug.win32\ccglbufferednode.obj
f:\cocos\card\card_2dx\cocos2d\cocos\2d\debug.win32\cclabelttf.obj
f:\cocos\card\card_2dx\cocos2d\cocos\2d\debug.win32\ccnodegrid.obj
f:\cocos\card\card_2dx\cocos2d\cocos\2d\debug.win32\ccprotectednode.obj
f:\cocos\card\card_2dx\cocos2d\cocos\2d\debug.win32\cctransitionpageturn.obj
f:\cocos\card\card_2dx\cocos2d\cocos\2d\debug.win32\cceventassetsmanagerex.obj
f:\cocos\card\card_2dx\cocos2d\cocos\2d\debug.win32\cccontrolutils.obj
f:\cocos\card\card_2dx\cocos2d\cocos\2d\debug.win32\ccparticle3daffector.obj
f:\cocos\card\card_2dx\cocos2d\cocos\2d\debug.win32\ccpubeamrender.obj
f:\cocos\card\card_2dx\cocos2d\cocos\2d\debug.win32\ccpudostopsystemeventhandler.obj
f:\cocos\card\card_2dx\cocos2d\cocos\2d\debug.win32\ccpugeometryrotatortranslator.obj
f:\cocos\card\card_2dx\cocos2d\cocos\2d\debug.win32\ccpuonemissionobservertranslator.obj
f:\cocos\card\card_2dx\cocos2d\cocos\2d\debug.win32\ccpuplanecollidertranslator.obj
f:\cocos\card\card_2dx\cocos2d\cocos\2d\debug.win32\ccpusphere.obj
f:\cocos\card\card_2dx\cocos2d\cocos\2d\debug.win32\ccputechniquetranslator.obj
f:\cocos\card\card_2dx\cocos2d\cocos\2d\debug.win32\idl_gen_fbs.obj
f:\cocos\card\card_2dx\cocos2d\cocos\2d\debug.win32\mciplayer.obj
f:\cocos\card\card_2dx\cocos2d\cocos\2d\debug.win32\ccasynctaskpool.obj
f:\cocos\card\card_2dx\cocos2d\cocos\2d\debug.win32\cccontroller-linux-win32.obj
f:\cocos\card\card_2dx\cocos2d\cocos\2d\debug.win32\ccscrollviewloader.obj
f:\cocos\card\card_2dx\cocos2d\cocos\2d\debug.win32\ccbone.obj
f:\cocos\card\card_2dx\cocos2d\cocos\2d\debug.win32\triggerobj.obj
f:\cocos\card\card_2dx\cocos2d\cocos\2d\debug.win32\ccnavmeshdebugdraw.obj
f:\cocos\card\card_2dx\cocos2d\cocos\2d\debug.win32\ccphysics3dobject.obj
f:\cocos\card\card_2dx\cocos2d\cocos\2d\debug.win32\ccvertexindexdata.obj
f:\cocos\card\card_2dx\cocos2d\cocos\2d\debug.win32\uilayoutmanager.obj
f:\cocos\card\card_2dx\cocos2d\cocos\2d\debug.win32\uitextfield.obj
f:\cocos\card\card_2dx\cocos2d\cocos\2d\debug.win32\ccclippingrectanglenode.obj
f:\cocos\card\card_2dx\cocos2d\cocos\2d\debug.win32\cclabelbmfont.obj
f:\cocos\card\card_2dx\cocos2d\cocos\2d\debug.win32\ccnode.obj
f:\cocos\card\card_2dx\cocos2d\cocos\2d\debug.win32\cccontrolswitch.obj
f:\cocos\card\card_2dx\cocos2d\cocos\2d\debug.win32\ccpuaffectortranslator.obj
f:\cocos\card\card_2dx\cocos2d\cocos\2d\debug.win32\ccpudofreezeeventhandlertranslator.obj
f:\cocos\card\card_2dx\cocos2d\cocos\2d\debug.win32\ccpujetaffectortranslator.obj
f:\cocos\card\card_2dx\cocos2d\cocos\2d\debug.win32\ccpuoneventflagobserver.obj
f:\cocos\card\card_2dx\cocos2d\cocos\2d\debug.win32\ccpuparticlefollowertranslator.obj
f:\cocos\card\card_2dx\cocos2d\cocos\2d\debug.win32\ccpusimplespline.obj
f:\cocos\card\card_2dx\cocos2d\cocos\2d\debug.win32\ccpuslaveemitter.obj
f:\cocos\card\card_2dx\cocos2d\cocos\2d\debug.win32\ccpuvertexemitter.obj
f:\cocos\card\card_2dx\cocos2d\cocos\2d\debug.win32\unzip.obj
f:\cocos\card\card_2dx\cocos2d\cocos\2d\debug.win32\ccfrustum.obj
f:\cocos\card\card_2dx\cocos2d\cocos\2d\debug.win32\ccobb.obj
f:\cocos\card\card_2dx\cocos2d\cocos\2d\debug.win32\ccskeleton3d.obj
f:\cocos\card\card_2dx\cocos2d\cocos\2d\debug.win32\audiodecodermp3.obj
f:\cocos\card\card_2dx\cocos2d\cocos\2d\debug.win32\atitc.obj
f:\cocos\card\card_2dx\cocos2d\cocos\2d\debug.win32\cccarray.obj
f:\cocos\card\card_2dx\cocos2d\cocos\2d\debug.win32\ccdata.obj
f:\cocos\card\card_2dx\cocos2d\cocos\2d\debug.win32\cceventcontroller.obj
f:\cocos\card\card_2dx\cocos2d\cocos\2d\debug.win32\cceventlistenercontroller.obj
f:\cocos\card\card_2dx\cocos2d\cocos\2d\debug.win32\ccproperties.obj
f:\cocos\card\card_2dx\cocos2d\cocos\2d\debug.win32\ccstring.obj
f:\cocos\card\card_2dx\cocos2d\cocos\2d\debug.win32\cclabelttfloader.obj
f:\cocos\card\card_2dx\cocos2d\cocos\2d\debug.win32\ccskeletonnode.obj
f:\cocos\card\card_2dx\cocos2d\cocos\2d\debug.win32\ccdisplaymanager.obj
f:\cocos\card\card_2dx\cocos2d\cocos\2d\debug.win32\gamenode3dreader.obj
f:\cocos\card\card_2dx\cocos2d\cocos\2d\debug.win32\projectnodereader.obj
f:\cocos\card\card_2dx\cocos2d\cocos\2d\debug.win32\node3dreader.obj
f:\cocos\card\card_2dx\cocos2d\cocos\2d\debug.win32\ccdownloader.obj
f:\cocos\card\card_2dx\cocos2d\cocos\2d\debug.win32\ccphysics3dworld.obj
f:\cocos\card\card_2dx\cocos2d\cocos\2d\debug.win32\ccvertexattribbinding.obj
f:\cocos\card\card_2dx\cocos2d\cocos\2d\debug.win32\uilayoutparameter.obj
f:\cocos\card\card_2dx\cocos2d\cocos\2d\debug.win32\uitextbmfont.obj
f:\cocos\card\card_2dx\cocos2d\cocos\2d\debug.win32\ccatlasnode.obj
f:\cocos\card\card_2dx\cocos2d\cocos\2d\debug.win32\ccfontatlas.obj
f:\cocos\card\card_2dx\cocos2d\cocos\2d\debug.win32\ccscene.obj
f:\cocos\card\card_2dx\cocos2d\cocos\2d\debug.win32\ccpuboxcollider.obj
f:\cocos\card\card_2dx\cocos2d\cocos\2d\debug.win32\ccpudoexpireeventhandler.obj
f:\cocos\card\card_2dx\cocos2d\cocos\2d\debug.win32\ccpudynamicattributetranslator.obj
f:\cocos\card\card_2dx\cocos2d\cocos\2d\debug.win32\ccpulinearforceaffectortranslator.obj
f:\cocos\card\card_2dx\cocos2d\cocos\2d\debug.win32\ccpuonexpireobserver.obj
f:\cocos\card\card_2dx\cocos2d\cocos\2d\debug.win32\ccpupathfollowertranslator.obj
f:\cocos\card\card_2dx\cocos2d\cocos\2d\debug.win32\ccpusineforceaffectortranslator.obj
f:\cocos\card\card_2dx\cocos2d\cocos\2d\debug.win32\convertutf.obj
f:\cocos\card\card_2dx\cocos2d\cocos\2d\debug.win32\md5.obj
f:\cocos\card\card_2dx\cocos2d\cocos\2d\debug.win32\tinyxml2.obj
f:\cocos\card\card_2dx\cocos2d\cocos\2d\debug.win32\ccmeshskin.obj
f:\cocos\card\card_2dx\cocos2d\cocos\2d\debug.win32\audiodecodermanager.obj
f:\cocos\card\card_2dx\cocos2d\cocos\2d\debug.win32\simpleaudioengine.obj
f:\cocos\card\card_2dx\cocos2d\cocos\2d\debug.win32\cceventlistenercustom.obj
f:\cocos\card\card_2dx\cocos2d\cocos\2d\debug.win32\ccstencilstatemanager.obj
f:\cocos\card\card_2dx\cocos2d\cocos\2d\debug.win32\ccscriptsupport.obj
f:\cocos\card\card_2dx\cocos2d\cocos\2d\debug.win32\objectfactory.obj
f:\cocos\card\card_2dx\cocos2d\cocos\2d\debug.win32\ccnode+ccbrelativepositioning.obj
f:\cocos\card\card_2dx\cocos2d\cocos\2d\debug.win32\ccbonenode.obj
f:\cocos\card\card_2dx\cocos2d\cocos\2d\debug.win32\ccdecorativedisplay.obj
f:\cocos\card\card_2dx\cocos2d\cocos\2d\debug.win32\ccutilmath.obj
f:\cocos\card\card_2dx\cocos2d\cocos\2d\debug.win32\dictionaryhelper.obj
f:\cocos\card\card_2dx\cocos2d\cocos\2d\debug.win32\armaturenodereader.obj
f:\cocos\card\card_2dx\cocos2d\cocos\2d\debug.win32\spritereader.obj
f:\cocos\card\card_2dx\cocos2d\cocos\2d\debug.win32\ccaffinetransform.obj
f:\cocos\card\card_2dx\cocos2d\cocos\2d\debug.win32\ccvertex.obj
f:\cocos\card\card_2dx\cocos2d\cocos\2d\debug.win32\quaternion.obj
f:\cocos\card\card_2dx\cocos2d\cocos\2d\debug.win32\vec4.obj
f:\cocos\card\card_2dx\cocos2d\cocos\2d\debug.win32\httpclient.obj
f:\cocos\card\card_2dx\cocos2d\cocos\2d\debug.win32\ccphysicsworld.obj
f:\cocos\card\card_2dx\cocos2d\cocos\2d\debug.win32\ccpass.obj
f:\cocos\card\card_2dx\cocos2d\cocos\2d\debug.win32\ccshaders.obj
f:\cocos\card\card_2dx\cocos2d\cocos\2d\debug.win32\cocosgui.obj
f:\cocos\card\card_2dx\cocos2d\cocos\2d\debug.win32\uitabcontrol.obj
f:\cocos\card\card_2dx\cocos2d\cocos\2d\debug.win32\ccfontfreetype.obj
f:\cocos\card\card_2dx\cocos2d\cocos\2d\debug.win32\ccprogresstimer.obj
f:\cocos\card\card_2dx\cocos2d\cocos\2d\debug.win32\cctransitionprogress.obj
f:\cocos\card\card_2dx\cocos2d\cocos\2d\debug.win32\ccpuboxcollidertranslator.obj
f:\cocos\card\card_2dx\cocos2d\cocos\2d\debug.win32\ccpuflockcenteringaffectortranslator.obj
f:\cocos\card\card_2dx\cocos2d\cocos\2d\debug.win32\ccpunoise.obj
f:\cocos\card\card_2dx\cocos2d\cocos\2d\debug.win32\ccpuonclearobserver.obj
f:\cocos\card\card_2dx\cocos2d\cocos\2d\debug.win32\ccpuonquotaobservertranslator.obj
f:\cocos\card\card_2dx\cocos2d\cocos\2d\debug.win32\ccpuscaleaffectortranslator.obj
f:\cocos\card\card_2dx\cocos2d\cocos\2d\debug.win32\ccpuvelocitymatchingaffector.obj
f:\cocos\card\card_2dx\cocos2d\cocos\2d\debug.win32\sweep_context.obj
f:\cocos\card\card_2dx\cocos2d\cocos\2d\debug.win32\ccskybox.obj
f:\cocos\card\card_2dx\cocos2d\cocos\2d\debug.win32\ccallocatordiagnostics.obj
f:\cocos\card\card_2dx\cocos2d\cocos\2d\debug.win32\ccconfiguration.obj
f:\cocos\card\card_2dx\cocos2d\cocos\2d\debug.win32\cceventtouch.obj
f:\cocos\card\card_2dx\cocos2d\cocos\2d\debug.win32\ccrandom.obj
f:\cocos\card\card_2dx\cocos2d\cocos\2d\debug.win32\ccvalue.obj
f:\cocos\card\card_2dx\cocos2d\cocos\2d\debug.win32\ccnodeloaderlibrary.obj
f:\cocos\card\card_2dx\cocos2d\cocos\2d\debug.win32\ccarmaturedatamanager.obj
f:\cocos\card\card_2dx\cocos2d\cocos\2d\debug.win32\buttonreader.obj
f:\cocos\card\card_2dx\cocos2d\cocos\2d\debug.win32\singlenodereader.obj
f:\cocos\card\card_2dx\cocos2d\cocos\2d\debug.win32\sprite3dreader.obj
f:\cocos\card\card_2dx\cocos2d\cocos\2d\debug.win32\uri.obj
f:\cocos\card\card_2dx\cocos2d\cocos\2d\debug.win32\ccfileutils-win32.obj
f:\cocos\card\card_2dx\cocos2d\cocos\2d\debug.win32\ccdrawnode.obj
f:\cocos\card\card_2dx\cocos2d\cocos\2d\debug.win32\ccparticleexamples.obj
f:\cocos\card\card_2dx\cocos2d\cocos\2d\debug.win32\ccrendertexture.obj
f:\cocos\card\card_2dx\cocos2d\cocos\2d\debug.win32\cctableviewcell.obj
f:\cocos\card\card_2dx\cocos2d\cocos\2d\debug.win32\ccpubasecollidertranslator.obj
f:\cocos\card\card_2dx\cocos2d\cocos\2d\debug.win32\ccpudoenablecomponenteventhandlertranslator.obj
f:\cocos\card\card_2dx\cocos2d\cocos\2d\debug.win32\ccpuforcefieldaffector.obj
f:\cocos\card\card_2dx\cocos2d\cocos\2d\debug.win32\ccpulineemittertranslator.obj
f:\cocos\card\card_2dx\cocos2d\cocos\2d\debug.win32\ccpuoneventflagobservertranslator.obj
f:\cocos\card\card_2dx\cocos2d\cocos\2d\debug.win32\ccpupointemitter.obj
f:\cocos\card\card_2dx\cocos2d\cocos\2d\debug.win32\ccpuscriptcompiler.obj
f:\cocos\card\card_2dx\cocos2d\cocos\2d\debug.win32\cdt.obj
f:\cocos\card\card_2dx\cocos2d\cocos\2d\debug.win32\ccbundle3d.obj
f:\cocos\card\card_2dx\cocos2d\cocos\2d\debug.win32\ziputils.obj
f:\cocos\card\card_2dx\cocos2d\cocos\2d\debug.win32\ccscale9spriteloader.obj
f:\cocos\card\card_2dx\cocos2d\cocos\2d\debug.win32\ccarmature.obj
f:\cocos\card\card_2dx\cocos2d\cocos\2d\debug.win32\widgetcallbackhandlerprotocol.obj
f:\cocos\card\card_2dx\cocos2d\cocos\2d\debug.win32\layoutreader.obj
f:\cocos\card\card_2dx\cocos2d\cocos\2d\debug.win32\tabcontrolreader.obj
f:\cocos\card\card_2dx\cocos2d\cocos\2d\debug.win32\ccphysics3ddebugdrawer.obj
f:\cocos\card\card_2dx\cocos2d\cocos\2d\debug.win32\ccprimitivecommand.obj
f:\cocos\card\card_2dx\cocos2d\cocos\2d\debug.win32\cctexture2d.obj
f:\cocos\card\card_2dx\cocos2d\cocos\2d\debug.win32\uilistview.obj
f:\cocos\card\card_2dx\cocos2d\cocos\2d\debug.win32\ccactioncatmullrom.obj
f:\cocos\card\card_2dx\cocos2d\cocos\2d\debug.win32\ccdrawingprimitives.obj
f:\cocos\card\card_2dx\cocos2d\cocos\2d\debug.win32\ccgrid.obj
f:\cocos\card\card_2dx\cocos2d\cocos\2d\debug.win32\cclight.obj
f:\cocos\card\card_2dx\cocos2d\cocos\2d\debug.win32\ccparticlebatchnode.obj
f:\cocos\card\card_2dx\cocos2d\cocos\2d\debug.win32\cctmxlayer.obj
f:\cocos\card\card_2dx\cocos2d\cocos\2d\debug.win32\assetsmanager.obj
f:\cocos\card\card_2dx\cocos2d\cocos\2d\debug.win32\manifest.obj
f:\cocos\card\card_2dx\cocos2d\cocos\2d\debug.win32\ccpubaseforceaffectortranslator.obj
f:\cocos\card\card_2dx\cocos2d\cocos\2d\debug.win32\ccpudoplacementparticleeventhandler.obj
f:\cocos\card\card_2dx\cocos2d\cocos\2d\debug.win32\ccpuforcefield.obj
f:\cocos\card\card_2dx\cocos2d\cocos\2d\debug.win32\ccpugravityaffector.obj
f:\cocos\card\card_2dx\cocos2d\cocos\2d\debug.win32\ccpulistener.obj
f:\cocos\card\card_2dx\cocos2d\cocos\2d\debug.win32\ccpuoncountobservertranslator.obj
f:\cocos\card\card_2dx\cocos2d\cocos\2d\debug.win32\ccpuplanecollider.obj
f:\cocos\card\card_2dx\cocos2d\cocos\2d\debug.win32\ccpuscalevelocityaffectortranslator.obj
f:\cocos\card\card_2dx\cocos2d\cocos\2d\debug.win32\ccputexturerotatortranslator.obj
f:\cocos\card\card_2dx\cocos2d\cocos\2d\debug.win32\ccanimate3d.obj
f:\cocos\card\card_2dx\cocos2d\cocos\2d\debug.win32\cceventacceleration.obj
f:\cocos\card\card_2dx\cocos2d\cocos\2d\debug.win32\cceventlisteneracceleration.obj
f:\cocos\card\card_2dx\cocos2d\cocos\2d\debug.win32\ccninepatchimageparser.obj
f:\cocos\card\card_2dx\cocos2d\cocos\2d\debug.win32\ccscheduler.obj
f:\cocos\card\card_2dx\cocos2d\cocos\2d\debug.win32\cclayerloader.obj
f:\cocos\card\card_2dx\cocos2d\cocos\2d\debug.win32\cctimeline.obj
f:\cocos\card\card_2dx\cocos2d\cocos\2d\debug.win32\cccomattribute.obj
f:\cocos\card\card_2dx\cocos2d\cocos\2d\debug.win32\ccspriteframecachehelper.obj
f:\cocos\card\card_2dx\cocos2d\cocos\2d\debug.win32\cocoloader.obj
f:\cocos\card\card_2dx\cocos2d\cocos\2d\debug.win32\localizationmanager.obj
f:\cocos\card\card_2dx\cocos2d\cocos\2d\debug.win32\imageviewreader.obj
f:\cocos\card\card_2dx\cocos2d\cocos\2d\debug.win32\bonenodereader.obj
f:\cocos\card\card_2dx\cocos2d\cocos\2d\debug.win32\ccgeometry.obj
f:\cocos\card\card_2dx\cocos2d\cocos\2d\debug.win32\mat4.obj
f:\cocos\card\card_2dx\cocos2d\cocos\2d\debug.win32\ccnavmeshobstacle.obj
f:\cocos\card\card_2dx\cocos2d\cocos\2d\debug.win32\ccphysicssprite3d.obj
f:\cocos\card\card_2dx\cocos2d\cocos\2d\debug.win32\ccvertexindexbuffer.obj
f:\cocos\card\card_2dx\cocos2d\cocos\2d\debug.win32\uihbox.obj
f:\cocos\card\card_2dx\cocos2d\cocos\2d\debug.win32\uiscale9sprite.obj
f:\cocos\card\card_2dx\cocos2d\cocos\2d\debug.win32\uivbox.obj
f:\cocos\card\card_2dx\cocos2d\cocos\2d\debug.win32\ccanimation.obj
f:\cocos\card\card_2dx\cocos2d\cocos\2d\debug.win32\cclabel.obj
f:\cocos\card\card_2dx\cocos2d\cocos\2d\debug.win32\ccpubillboardchain.obj
f:\cocos\card\card_2dx\cocos2d\cocos\2d\debug.win32\ccpudoscaleeventhandlertranslator.obj
f:\cocos\card\card_2dx\cocos2d\cocos\2d\debug.win32\ccpujetaffector.obj
f:\cocos\card\card_2dx\cocos2d\cocos\2d\debug.win32\ccpuonclearobservertranslator.obj
f:\cocos\card\card_2dx\cocos2d\cocos\2d\debug.win32\ccpupathfollower.obj
f:\cocos\card\card_2dx\cocos2d\cocos\2d\debug.win32\ccpuscalevelocityaffector.obj
f:\cocos\card\card_2dx\cocos2d\cocos\2d\debug.win32\ccputextureanimator.obj
f:\cocos\card\card_2dx\cocos2d\cocos\2d\debug.win32\ccpuvortexaffector.obj
f:\cocos\card\card_2dx\cocos2d\cocos\2d\debug.win32\ioapi_mem.obj
f:\cocos\card\card_2dx\cocos2d\cocos\2d\debug.win32\ccattachnode.obj
f:\cocos\card\card_2dx\cocos2d\cocos\2d\debug.win32\ccmesh.obj
f:\cocos\card\card_2dx\cocos2d\cocos\2d\debug.win32\audioengine-win32.obj
f:\cocos\card\card_2dx\cocos2d\cocos\2d\debug.win32\cccontrolbuttonloader.obj
f:\cocos\card\card_2dx\cocos2d\cocos\2d\debug.win32\ccskinnode.obj
f:\cocos\card\card_2dx\cocos2d\cocos\2d\debug.win32\ccactionframe.obj
f:\cocos\card\card_2dx\cocos2d\cocos\2d\debug.win32\ccbatchnode.obj
f:\cocos\card\card_2dx\cocos2d\cocos\2d\debug.win32\triggermng.obj
f:\cocos\card\card_2dx\cocos2d\cocos\2d\debug.win32\ccthread.obj
f:\cocos\card\card_2dx\cocos2d\cocos\2d\debug.win32\ccstdc-win32.obj
f:\cocos\card\card_2dx\cocos2d\cocos\2d\debug.win32\ccglprogramstatecache.obj
f:\cocos\card\card_2dx\cocos2d\cocos\2d\debug.win32\ccrenderer.obj
f:\cocos\card\card_2dx\cocos2d\cocos\2d\debug.win32\uilayoutcomponent.obj
f:\cocos\card\card_2dx\cocos2d\cocos\2d\debug.win32\uiwidget.obj
f:\cocos\card\card_2dx\cocos2d\cocos\2d\debug.win32\ccspriteframe.obj
f:\cocos\card\card_2dx\cocos2d\cocos\2d\debug.win32\cctmxobjectgroup.obj
f:\cocos\card\card_2dx\cocos2d\cocos\2d\debug.win32\cccontrolcolourpicker.obj
f:\cocos\card\card_2dx\cocos2d\cocos\2d\debug.win32\cccontrolsaturationbrightnesspicker.obj
f:\cocos\card\card_2dx\cocos2d\cocos\2d\debug.win32\cctableview.obj
f:\cocos\card\card_2dx\cocos2d\cocos\2d\debug.win32\ccpubehaviour.obj
f:\cocos\card\card_2dx\cocos2d\cocos\2d\debug.win32\ccpudoenablecomponenteventhandler.obj
f:\cocos\card\card_2dx\cocos2d\cocos\2d\debug.win32\ccpueventhandler.obj
f:\cocos\card\card_2dx\cocos2d\cocos\2d\debug.win32\ccpulinearforceaffector.obj
f:\cocos\card\card_2dx\cocos2d\cocos\2d\debug.win32\ccpuoncountobserver.obj
f:\cocos\card\card_2dx\cocos2d\cocos\2d\debug.win32\ccpuonrandomobserver.obj
f:\cocos\card\card_2dx\cocos2d\cocos\2d\debug.win32\ccpurandomisertranslator.obj
f:\cocos\card\card_2dx\cocos2d\cocos\2d\debug.win32\ccpuspherecollider.obj
f:\cocos\card\card_2dx\cocos2d\cocos\2d\debug.win32\ccpuvelocitymatchingaffectortranslator.obj
f:\cocos\card\card_2dx\cocos2d\cocos\2d\debug.win32\ccray.obj
f:\cocos\card\card_2dx\cocos2d\cocos\2d\debug.win32\ccsprite3dmaterial.obj
f:\cocos\card\card_2dx\cocos2d\cocos\2d\debug.win32\ccconsole.obj
f:\cocos\card\card_2dx\cocos2d\cocos\2d\debug.win32\ccactiontimeline.obj
f:\cocos\card\card_2dx\cocos2d\cocos\2d\debug.win32\ccarmaturedefine.obj
f:\cocos\card\card_2dx\cocos2d\cocos\2d\debug.win32\cccolliderdetector.obj
f:\cocos\card\card_2dx\cocos2d\cocos\2d\debug.win32\ccsscenereader.obj
f:\cocos\card\card_2dx\cocos2d\cocos\2d\debug.win32\vec2.obj
f:\cocos\card\card_2dx\cocos2d\cocos\2d\debug.win32\ccdownloader-curl.obj
f:\cocos\card\card_2dx\cocos2d\cocos\2d\debug.win32\ccglviewimpl-desktop.obj
f:\cocos\card\card_2dx\cocos2d\cocos\2d\debug.win32\ccrendercommand.obj
f:\cocos\card\card_2dx\cocos2d\cocos\2d\debug.win32\cctexturecube.obj
f:\cocos\card\card_2dx\cocos2d\cocos\2d\debug.win32\uiimageview.obj
f:\cocos\card\card_2dx\cocos2d\cocos\2d\debug.win32\uiscrollviewbar.obj
f:\cocos\card\card_2dx\cocos2d\cocos\2d\debug.win32\ccactionprogresstimer.obj
f:\cocos\card\card_2dx\cocos2d\cocos\2d\debug.win32\ccclippingnode.obj
f:\cocos\card\card_2dx\cocos2d\cocos\2d\debug.win32\ccgrabber.obj
f:\cocos\card\card_2dx\cocos2d\cocos\2d\debug.win32\cclabeltextformatter.obj
f:\cocos\card\card_2dx\cocos2d\cocos\2d\debug.win32\cccontrolhuepicker.obj
f:\cocos\card\card_2dx\cocos2d\cocos\2d\debug.win32\cccontrolstepper.obj
f:\cocos\card\card_2dx\cocos2d\cocos\2d\debug.win32\ccpuaffector.obj
f:\cocos\card\card_2dx\cocos2d\cocos\2d\debug.win32\ccpuboxemitter.obj
f:\cocos\card\card_2dx\cocos2d\cocos\2d\debug.win32\ccpudofreezeeventhandler.obj
f:\cocos\card\card_2dx\cocos2d\cocos\2d\debug.win32\ccpuforcefieldaffectortranslator.obj
f:\cocos\card\card_2dx\cocos2d\cocos\2d\debug.win32\ccpuobservermanager.obj
f:\cocos\card\card_2dx\cocos2d\cocos\2d\debug.win32\ccpuonvelocityobserver.obj
f:\cocos\card\card_2dx\cocos2d\cocos\2d\debug.win32\ccpurandomiser.obj
f:\cocos\card\card_2dx\cocos2d\cocos\2d\debug.win32\ccpuscriptparser.obj
f:\cocos\card\card_2dx\cocos2d\cocos\2d\debug.win32\ccpuslaveemittertranslator.obj
f:\cocos\card\card_2dx\cocos2d\cocos\2d\debug.win32\idl_gen_general.obj
f:\cocos\card\card_2dx\cocos2d\cocos\2d\debug.win32\base64.obj
f:\cocos\card\card_2dx\cocos2d\cocos\2d\debug.win32\cccontroller.obj
f:\cocos\card\card_2dx\cocos2d\cocos\2d\debug.win32\cceventlistenermouse.obj
f:\cocos\card\card_2dx\cocos2d\cocos\2d\debug.win32\cctypes.obj
f:\cocos\card\card_2dx\cocos2d\cocos\2d\debug.win32\cocos2d.obj
f:\cocos\card\card_2dx\cocos2d\cocos\2d\debug.win32\ccbkeyframe.obj
f:\cocos\card\card_2dx\cocos2d\cocos\2d\debug.win32\cclabelbmfontloader.obj
f:\cocos\card\card_2dx\cocos2d\cocos\2d\debug.win32\ccactiontimelinenode.obj
f:\cocos\card\card_2dx\cocos2d\cocos\2d\debug.win32\ccsguireader.obj
f:\cocos\card\card_2dx\cocos2d\cocos\2d\debug.win32\nodereader.obj
f:\cocos\card\card_2dx\cocos2d\cocos\2d\debug.win32\textfieldreader.obj
f:\cocos\card\card_2dx\cocos2d\cocos\2d\debug.win32\ccphysics3d.obj
f:\cocos\card\card_2dx\cocos2d\cocos\2d\debug.win32\ccbatchcommand.obj
f:\cocos\card\card_2dx\cocos2d\cocos\2d\debug.win32\ccglstatecache.obj
f:\cocos\card\card_2dx\cocos2d\cocos\2d\debug.win32\ccmeshcommand.obj
f:\cocos\card\card_2dx\cocos2d\cocos\2d\debug.win32\ccrenderstate.obj
f:\cocos\card\card_2dx\cocos2d\cocos\2d\debug.win32\uibutton.obj
f:\cocos\card\card_2dx\cocos2d\cocos\2d\debug.win32\uirelativebox.obj
f:\cocos\card\card_2dx\cocos2d\cocos\2d\debug.win32\ccvrgenericheadtracker.obj
f:\cocos\card\card_2dx\cocos2d\cocos\2d\debug.win32\ccaction.obj
f:\cocos\card\card_2dx\cocos2d\cocos\2d\debug.win32\ccactioninstant.obj
f:\cocos\card\card_2dx\cocos2d\cocos\2d\debug.win32\ccanimationcache.obj
f:\cocos\card\card_2dx\cocos2d\cocos\2d\debug.win32\cclayer.obj
f:\cocos\card\card_2dx\cocos2d\cocos\2d\debug.win32\ccpubehaviourtranslator.obj
f:\cocos\card\card_2dx\cocos2d\cocos\2d\debug.win32\ccpudostopsystemeventhandlertranslator.obj
f:\cocos\card\card_2dx\cocos2d\cocos\2d\debug.win32\ccpulineaffectortranslator.obj
f:\cocos\card\card_2dx\cocos2d\cocos\2d\debug.win32\ccpuonexpireobservertranslator.obj
f:\cocos\card\card_2dx\cocos2d\cocos\2d\debug.win32\ccpurenderertranslator.obj
f:\cocos\card\card_2dx\cocos2d\cocos\2d\debug.win32\ccphysicssprite.obj
f:\cocos\card\card_2dx\cocos2d\cocos\2d\debug.win32\shapes.obj
f:\cocos\card\card_2dx\cocos2d\cocos\2d\debug.win32\ccaabb.obj
f:\cocos\card\card_2dx\cocos2d\cocos\2d\debug.win32\ccbundlereader.obj
f:\cocos\card\card_2dx\cocos2d\cocos\2d\debug.win32\ccplane.obj
f:\cocos\card\card_2dx\cocos2d\cocos\2d\debug.win32\ccsprite3d.obj
f:\cocos\card\card_2dx\cocos2d\cocos\2d\debug.win32\ccbfileloader.obj
f:\cocos\card\card_2dx\cocos2d\cocos\2d\debug.win32\ccactiontimelinecache.obj
f:\cocos\card\card_2dx\cocos2d\cocos\2d\debug.win32\gamemapreader.obj
f:\cocos\card\card_2dx\cocos2d\cocos\2d\debug.win32\nodereaderdefine.obj
f:\cocos\card\card_2dx\cocos2d\cocos\2d\debug.win32\particlereader.obj
f:\cocos\card\card_2dx\cocos2d\cocos\2d\debug.win32\sliderreader.obj
f:\cocos\card\card_2dx\cocos2d\cocos\2d\debug.win32\ccphysicsbody.obj
f:\cocos\card\card_2dx\cocos2d\cocos\2d\debug.win32\ccimage.obj
f:\cocos\card\card_2dx\cocos2d\cocos\2d\debug.win32\ccquadcommand.obj
f:\cocos\card\card_2dx\cocos2d\cocos\2d\debug.win32\localstorage.obj
f:\cocos\card\card_2dx\cocos2d\cocos\2d\debug.win32\uihelper.obj
f:\cocos\card\card_2dx\cocos2d\cocos\2d\debug.win32\uiscrollview.obj
f:\cocos\card\card_2dx\cocos2d\cocos\2d\debug.win32\cccomponentcontainer.obj
f:\cocos\card\card_2dx\cocos2d\cocos\2d\debug.win32\ccmenu.obj
f:\cocos\card\card_2dx\cocos2d\cocos\2d\debug.win32\cctmxtiledmap.obj
f:\cocos\card\card_2dx\cocos2d\cocos\2d\debug.win32\ccpucircleemitter.obj
f:\cocos\card\card_2dx\cocos2d\cocos\2d\debug.win32\ccpudoplacementparticleeventhandlertranslator.obj
f:\cocos\card\card_2dx\cocos2d\cocos\2d\debug.win32\ccpulineaffector.obj
f:\cocos\card\card_2dx\cocos2d\cocos\2d\debug.win32\ccpuoncollisionobserver.obj
f:\cocos\card\card_2dx\cocos2d\cocos\2d\debug.win32\ccpuparticlefollower.obj
f:\cocos\card\card_2dx\cocos2d\cocos\2d\debug.win32\ccpuribbontrail.obj
f:\cocos\card\card_2dx\cocos2d\cocos\2d\debug.win32\ccputextureanimatortranslator.obj
f:\cocos\card\card_2dx\cocos2d\cocos\2d\debug.win32\idl_gen_cpp.obj
f:\cocos\card\card_2dx\cocos2d\cocos\2d\debug.win32\ccevent.obj
f:\cocos\card\card_2dx\cocos2d\cocos\2d\debug.win32\cceventlistener.obj
f:\cocos\card\card_2dx\cocos2d\cocos\2d\debug.win32\ccfpsimages.obj
f:\cocos\card\card_2dx\cocos2d\cocos\2d\debug.win32\ccref.obj
f:\cocos\card\card_2dx\cocos2d\cocos\2d\debug.win32\etc1.obj
f:\cocos\card\card_2dx\cocos2d\cocos\2d\debug.win32\ccset.obj
f:\cocos\card\card_2dx\cocos2d\cocos\2d\debug.win32\cclayercolorloader.obj
f:\cocos\card\card_2dx\cocos2d\cocos\2d\debug.win32\ccactionnode.obj
f:\cocos\card\card_2dx\cocos2d\cocos\2d\debug.win32\ccskin.obj
f:\cocos\card\card_2dx\cocos2d\cocos\2d\debug.win32\light3dreader.obj
f:\cocos\card\card_2dx\cocos2d\cocos\2d\debug.win32\skeletonnodereader.obj
f:\cocos\card\card_2dx\cocos2d\cocos\2d\debug.win32\widgetreader.obj
f:\cocos\card\card_2dx\cocos2d\cocos\2d\debug.win32\uieditboximpl-win32.obj
f:\cocos\card\card_2dx\cocos2d\cocos\2d\debug.win32\uitextatlas.obj
f:\cocos\card\card_2dx\cocos2d\cocos\2d\debug.win32\ccactiontiledgrid.obj
f:\cocos\card\card_2dx\cocos2d\cocos\2d\debug.win32\ccfontcharmap.obj
f:\cocos\card\card_2dx\cocos2d\cocos\2d\debug.win32\ccmenuitem.obj
f:\cocos\card\card_2dx\cocos2d\cocos\2d\debug.win32\ccspritebatchnode.obj
f:\cocos\card\card_2dx\cocos2d\cocos\2d\debug.win32\ccparticle3drender.obj
f:\cocos\card\card_2dx\cocos2d\cocos\2d\debug.win32\ccpucollisionavoidanceaffector.obj
f:\cocos\card\card_2dx\cocos2d\cocos\2d\debug.win32\ccpudoexpireeventhandlertranslator.obj
f:\cocos\card\card_2dx\cocos2d\cocos\2d\debug.win32\ccpuinterparticlecollider.obj
f:\cocos\card\card_2dx\cocos2d\cocos\2d\debug.win32\ccpumeshsurfaceemitter.obj
f:\cocos\card\card_2dx\cocos2d\cocos\2d\debug.win32\ccpuonquotaobserver.obj
f:\cocos\card\card_2dx\cocos2d\cocos\2d\debug.win32\ccpuplane.obj
f:\cocos\card\card_2dx\cocos2d\cocos\2d\debug.win32\ccpupositionemitter.obj
f:\cocos\card\card_2dx\cocos2d\cocos\2d\debug.win32\ccpuscripttranslator.obj
f:\cocos\card\card_2dx\cocos2d\cocos\2d\debug.win32\sweep.obj
f:\cocos\card\card_2dx\cocos2d\cocos\2d\debug.win32\ccmeshvertexindexdata.obj
f:\cocos\card\card_2dx\cocos2d\cocos\2d\debug.win32\audiodecoder.obj
f:\cocos\card\card_2dx\cocos2d\cocos\2d\debug.win32\audioplayer.obj
f:\cocos\card\card_2dx\cocos2d\cocos\2d\debug.win32\cceventfocus.obj
f:\cocos\card\card_2dx\cocos2d\cocos\2d\debug.win32\cceventlistenertouch.obj
f:\cocos\card\card_2dx\cocos2d\cocos\2d\debug.win32\cctouch.obj
f:\cocos\card\card_2dx\cocos2d\cocos\2d\debug.win32\pvr.obj
f:\cocos\card\card_2dx\cocos2d\cocos\2d\debug.win32\ccnotificationcenter.obj
f:\cocos\card\card_2dx\cocos2d\cocos\2d\debug.win32\ccbreader.obj
f:\cocos\card\card_2dx\cocos2d\cocos\2d\debug.win32\ccdatareaderhelper.obj
f:\cocos\card\card_2dx\cocos2d\cocos\2d\debug.win32\loadingbarreader.obj
f:\cocos\card\card_2dx\cocos2d\cocos\2d\debug.win32\textatlasreader.obj
f:\cocos\card\card_2dx\cocos2d\cocos\2d\debug.win32\websocket.obj
f:\cocos\card\card_2dx\cocos2d\cocos\2d\debug.win32\ccapplication-win32.obj
f:\cocos\card\card_2dx\cocos2d\cocos\2d\debug.win32\ccglprogram.obj
f:\cocos\card\card_2dx\cocos2d\cocos\2d\debug.win32\uieditbox.obj
f:\cocos\card\card_2dx\cocos2d\cocos\2d\debug.win32\uiwebview.obj
f:\cocos\card\card_2dx\cocos2d\cocos\2d\debug.win32\ccvrdistortionmesh.obj
f:\cocos\card\card_2dx\cocos2d\cocos\2d\debug.win32\ccactiongrid.obj
f:\cocos\card\card_2dx\cocos2d\cocos\2d\debug.win32\ccactiontween.obj
f:\cocos\card\card_2dx\cocos2d\cocos\2d\debug.win32\ccfasttmxtiledmap.obj
f:\cocos\card\card_2dx\cocos2d\cocos\2d\debug.win32\ccmotionstreak.obj
f:\cocos\card\card_2dx\cocos2d\cocos\2d\debug.win32\ccsprite.obj
f:\cocos\card\card_2dx\cocos2d\cocos\2d\debug.win32\cccontrolpotentiometer.obj
f:\cocos\card\card_2dx\cocos2d\cocos\2d\debug.win32\ccscrollview.obj
f:\cocos\card\card_2dx\cocos2d\cocos\2d\debug.win32\ccpucoloraffector.obj
f:\cocos\card\card_2dx\cocos2d\cocos\2d\debug.win32\ccpudoscaleeventhandler.obj
f:\cocos\card\card_2dx\cocos2d\cocos\2d\debug.win32\ccpugeometryrotator.obj
f:\cocos\card\card_2dx\cocos2d\cocos\2d\debug.win32\ccpumaterialmanager.obj
f:\cocos\card\card_2dx\cocos2d\cocos\2d\debug.win32\ccpupointemittertranslator.obj
f:\cocos\card\card_2dx\cocos2d\cocos\2d\debug.win32\ccpusineforceaffector.obj
f:\cocos\card\card_2dx\cocos2d\cocos\2d\debug.win32\ccputexturerotator.obj
f:\cocos\card\card_2dx\cocos2d\cocos\2d\debug.win32\clipper.obj
f:\cocos\card\card_2dx\cocos2d\cocos\2d\debug.win32\ccterrain.obj
f:\cocos\card\card_2dx\cocos2d\cocos\2d\debug.win32\cceventlistenerkeyboard.obj
f:\cocos\card\card_2dx\cocos2d\cocos\2d\debug.win32\ccuserdefault.obj
f:\cocos\card\card_2dx\cocos2d\cocos\2d\debug.win32\ccdeprecated.obj
f:\cocos\card\card_2dx\cocos2d\cocos\2d\debug.win32\ccbsequence.obj
f:\cocos\card\card_2dx\cocos2d\cocos\2d\debug.win32\ccmenuitemimageloader.obj
f:\cocos\card\card_2dx\cocos2d\cocos\2d\debug.win32\ccframe.obj
f:\cocos\card\card_2dx\cocos2d\cocos\2d\debug.win32\cccomcontroller.obj
f:\cocos\card\card_2dx\cocos2d\cocos\2d\debug.win32\cccomextensiondata.obj
f:\cocos\card\card_2dx\cocos2d\cocos\2d\debug.win32\cctransformhelp.obj
f:\cocos\card\card_2dx\cocos2d\cocos\2d\debug.win32\checkboxreader.obj
f:\cocos\card\card_2dx\cocos2d\cocos\2d\debug.win32\scrollviewreader.obj
f:\cocos\card\card_2dx\cocos2d\cocos\2d\debug.win32\particle3dreader.obj
f:\cocos\card\card_2dx\cocos2d\cocos\2d\debug.win32\ccglview.obj
f:\cocos\card\card_2dx\cocos2d\cocos\2d\debug.win32\cccommon-win32.obj
f:\cocos\card\card_2dx\cocos2d\cocos\2d\debug.win32\ccutils-win32.obj
f:\cocos\card\card_2dx\cocos2d\cocos\2d\debug.win32\ccgroupcommand.obj
f:\cocos\card\card_2dx\cocos2d\cocos\2d\debug.win32\uideprecated.obj
f:\cocos\card\card_2dx\cocos2d\cocos\2d\debug.win32\uitext.obj
f:\cocos\card\card_2dx\cocos2d\cocos\2d\debug.win32\ccactionease.obj
f:\cocos\card\card_2dx\cocos2d\cocos\2d\debug.win32\cccomponent.obj
f:\cocos\card\card_2dx\cocos2d\cocos\2d\debug.win32\ccfontfnt.obj
f:\cocos\card\card_2dx\cocos2d\cocos\2d\debug.win32\cctmxxmlparser.obj
f:\cocos\card\card_2dx\proj.win32\debug.win32\libcocos2d.dll
f:\cocos\card\card_2dx\proj.win32\debug.win32\libcocos2d.pdb
f:\cocos\card\card_2dx\proj.win32\debug.win32\libcocos2d.lib
f:\cocos\card\card_2dx\proj.win32\debug.win32\libcocos2d.exp
f:\cocos\card\card_2dx\cocos2d\cocos\2d\debug.win32\libcocos2d.tlog\cl.command.1.tlog
f:\cocos\card\card_2dx\cocos2d\cocos\2d\debug.win32\libcocos2d.tlog\cl.items.tlog
f:\cocos\card\card_2dx\cocos2d\cocos\2d\debug.win32\libcocos2d.tlog\cl.read.1.tlog
f:\cocos\card\card_2dx\cocos2d\cocos\2d\debug.win32\libcocos2d.tlog\cl.write.1.tlog
f:\cocos\card\card_2dx\cocos2d\cocos\2d\debug.win32\libcocos2d.tlog\link.command.1.tlog
f:\cocos\card\card_2dx\cocos2d\cocos\2d\debug.win32\libcocos2d.tlog\link.read.1.tlog
f:\cocos\card\card_2dx\cocos2d\cocos\2d\debug.win32\libcocos2d.tlog\link.secondary.1.tlog
f:\cocos\card\card_2dx\cocos2d\cocos\2d\debug.win32\libcocos2d.tlog\link.write.1.tlog
